<?xml version="1.0" encoding="UTF-8"?>
<!-- Generated by org.testng.reporters.JUnitReportReporter -->
<testsuite hostname="shenhua-PC" name="pageobject.TestAmazon2" tests="1" failures="0" timestamp="18 Oct 2015 08:33:06 GMT" time="63.692" errors="0">
  <testcase name="doBusiness" time="63.692" classname="pageobject.TestAmazon2"/>
</testsuite> <!-- pageobject.TestAmazon2 -->
