<?xml version="1.0" encoding="UTF-8"?>
<!-- Generated by org.testng.reporters.JUnitReportReporter -->
<testsuite hostname="shenhua-PC" name="pageobject.Test163_testNG" tests="1" failures="0" timestamp="18 Oct 2015 08:33:06 GMT" time="8.889" errors="0">
  <testcase name="login" time="8.889" classname="pageobject.Test163_testNG"/>
</testsuite> <!-- pageobject.Test163_testNG -->
